android/ResidentZombies_Android_feelingtouch/proguard/seeds.txt
com.wiyun.engine.skeleton.Skeleton$1
com.wiyun.engine.skeleton.Skeleton$1: com.wiyun.engine.skeleton.Skeleton this$0
com.wiyun.engine.skeleton.Skeleton$1: Skeleton$1(com.wiyun.engine.skeleton.Skeleton)
com.wiyun.engine.skeleton.Skeleton$1: void onQueryInventoryFinished(com.example.android.trivialdrivesample.util.IabResult,com.example.android.trivialdrivesample.util.Inventory)
com.wiyun.engine.skeleton.Skeleton$2
com.wiyun.engine.skeleton.Skeleton$2: com.wiyun.engine.skeleton.Skeleton this$0
com.wiyun.engine.skeleton.Skeleton$2: Skeleton$2(com.wiyun.engine.skeleton.Skeleton)
com.wiyun.engine.skeleton.Skeleton$2: void onIabPurchaseFinished(com.example.android.trivialdrivesample.util.IabResult,com.example.android.trivialdrivesample.util.Purchase)
com.wiyun.engine.skeleton.Skeleton$3
com.wiyun.engine.skeleton.Skeleton$3: com.wiyun.engine.skeleton.Skeleton this$0
com.wiyun.engine.skeleton.Skeleton$3: Skeleton$3(com.wiyun.engine.skeleton.Skeleton)
com.wiyun.engine.skeleton.Skeleton$3: void onConsumeFinished(com.example.android.trivialdrivesample.util.Purchase,com.example.android.trivialdrivesample.util.IabResult)
com.wiyun.engine.skeleton.Skeleton$4
com.wiyun.engine.skeleton.Skeleton$4: com.wiyun.engine.skeleton.Skeleton this$0
com.wiyun.engine.skeleton.Skeleton$4: Skeleton$4(com.wiyun.engine.skeleton.Skeleton)
com.wiyun.engine.skeleton.Skeleton$4: void onConsumeMultiFinished(java.util.List,java.util.List)
com.wiyun.engine.skeleton.Skeleton$5
com.wiyun.engine.skeleton.Skeleton$5: com.wiyun.engine.skeleton.Skeleton this$0
com.wiyun.engine.skeleton.Skeleton$5: Skeleton$5(com.wiyun.engine.skeleton.Skeleton)
com.wiyun.engine.skeleton.Skeleton$5: void handleMessage(android.os.Message)
com.wiyun.engine.skeleton.Skeleton$5: com.wiyun.engine.skeleton.Skeleton access$0(com.wiyun.engine.skeleton.Skeleton$5)
com.wiyun.engine.skeleton.Skeleton$5$1
com.wiyun.engine.skeleton.Skeleton$5$1: com.wiyun.engine.skeleton.Skeleton$5 this$1
com.wiyun.engine.skeleton.Skeleton$5$1: Skeleton$5$1(com.wiyun.engine.skeleton.Skeleton$5)
com.wiyun.engine.skeleton.Skeleton$5$1: void quit()
com.wiyun.engine.skeleton.Skeleton$5$2
com.wiyun.engine.skeleton.Skeleton$5$2: com.wiyun.engine.skeleton.Skeleton$5 this$1
com.wiyun.engine.skeleton.Skeleton$5$2: Skeleton$5$2(com.wiyun.engine.skeleton.Skeleton$5)
com.wiyun.engine.skeleton.Skeleton$5$2: void onClick(android.content.DialogInterface,int)
com.wiyun.engine.skeleton.Skeleton$6
com.wiyun.engine.skeleton.Skeleton$6: com.wiyun.engine.skeleton.Skeleton this$0
com.wiyun.engine.skeleton.Skeleton$6: Skeleton$6(com.wiyun.engine.skeleton.Skeleton)
com.wiyun.engine.skeleton.Skeleton$6: void showGameShowDialog()
com.wiyun.engine.skeleton.Skeleton$7
com.wiyun.engine.skeleton.Skeleton$7: com.wiyun.engine.skeleton.Skeleton this$0
com.wiyun.engine.skeleton.Skeleton$7: Skeleton$7(com.wiyun.engine.skeleton.Skeleton)
com.wiyun.engine.skeleton.Skeleton$7: void onIabSetupFinished(com.example.android.trivialdrivesample.util.IabResult)