android/ResidentZombies_Android_feelingtouch/proguard/mapping.txt
com.applovin.impl.adview.h -> com.applovin.impl.adview.h:
    com.applovin.sdk.AppLovinAd b -> b
    com.applovin.impl.adview.AdViewControllerImpl a -> a
    void run() -> run
com.applovin.impl.adview.i -> com.applovin.impl.adview.i:
    com.applovin.sdk.AppLovinAd b -> b
    com.applovin.impl.adview.AdViewControllerImpl a -> a
    void run() -> run
com.applovin.impl.adview.j -> com.applovin.impl.adview.j:
    com.applovin.impl.adview.AdViewControllerImpl a -> a
    void run() -> run
com.applovin.impl.adview.k -> com.applovin.impl.adview.k:
    com.applovin.impl.adview.AdViewControllerImpl a -> a
    void run() -> run
com.applovin.impl.adview.l -> com.applovin.impl.adview.l:
    com.applovin.impl.adview.AdViewControllerImpl a -> a
    void run() -> run
com.applovin.impl.adview.m -> com.applovin.impl.adview.m:
    java.lang.ref.WeakReference a -> a
    com.applovin.sdk.AppLovinAdService b -> b
    com.applovin.sdk.AppLovinLogger c -> c
    void adReceived(com.applovin.sdk.AppLovinAd) -> adReceived
    void adUpdated(com.applovin.sdk.AppLovinAd) -> adUpdated
    void failedToReceiveAd(int) -> failedToReceiveAd
    java.lang.String toString() -> toString
com.applovin.impl.adview.n -> com.applovin.impl.adview.n:
    android.view.View a -> a
    com.applovin.impl.adview.AdViewControllerJsInterface b -> b
    void run() -> run
com.applovin.impl.adview.o -> com.applovin.impl.adview.o:
    com.applovin.impl.adview.AdViewControllerJsInterface a -> a
    void onPlaybackStateChanged(com.applovin.impl.adview.AppLovinVideoPlaybackState) -> onPlaybackStateChanged
com.applovin.impl.adview.p -> com.applovin.impl.adview.p:
    com.applovin.impl.adview.AdViewControllerJsInterface a -> a
    void run() -> run
com.applovin.impl.adview.q -> com.applovin.impl.adview.q:
    com.applovin.impl.adview.p a -> a
    void run() -> run
com.applovin.impl.adview.r -> com.applovin.impl.adview.r:
    com.applovin.impl.adview.r a -> a
    com.applovin.impl.adview.r b -> b
    com.applovin.impl.adview.r[] c -> c
com.applovin.impl.adview.s -> com.applovin.impl.adview.s:
    com.applovin.impl.adview.AdViewControllerJsInterface a -> a
    void run() -> run
com.applovin.impl.adview.t -> com.applovin.impl.adview.t:
    com.applovin.sdk.AppLovinAdSize a(android.util.AttributeSet) -> a
    java.lang.String a(android.util.AttributeSet,android.content.Context) -> a
    boolean b(android.util.AttributeSet) -> b
com.applovin.impl.adview.u -> com.applovin.impl.adview.u:
    com.applovin.sdk.AppLovinLogger a -> a
    boolean onConsoleMessage(android.webkit.ConsoleMessage) -> onConsoleMessage
    boolean onJsAlert(android.webkit.WebView,java.lang.String,java.lang.String,android.webkit.JsResult) -> onJsAlert
com.applovin.impl.adview.v -> com.applovin.impl.adview.v:
    com.applovin.sdk.AppLovinLogger a -> a
    com.applovin.sdk.AppLovinAd b -> b
    boolean c -> c
    void a(com.applovin.sdk.AppLovinAd) -> a
    void onScrollChanged(int,int,int,int) -> onScrollChanged
    void onWindowVisibilityChanged(int) -> onWindowVisibilityChanged
    void onFocusChanged(boolean,int,android.graphics.Rect) -> onFocusChanged
    void onWindowFocusChanged(boolean) -> onWindowFocusChanged
    boolean requestFocus(int,android.graphics.Rect) -> requestFocus
    void destroy() -> destroy
    com.applovin.sdk.AppLovinAd a() -> a
com.applovin.impl.adview.w -> com.applovin.impl.adview.w:
    com.applovin.impl.adview.v a -> a
    boolean onTouch(android.view.View,android.view.MotionEvent) -> onTouch
com.applovin.impl.adview.x -> com.applovin.impl.adview.x:
    com.applovin.impl.adview.v a -> a
    boolean onLongClick(android.view.View) -> onLongClick