android/ResidentZombies_Android_feelingtouch/proguard/usage.txt
com.cafgame.residentzombies.BuildConfig
com.cafgame.residentzombies.R
com.cafgame.residentzombies.R$attr
com.cafgame.residentzombies.R$bool
com.cafgame.residentzombies.R$color
com.cafgame.residentzombies.R$drawable
com.cafgame.residentzombies.R$id
com.cafgame.residentzombies.R$layout
com.cafgame.residentzombies.R$string
com.cafgame.residentzombies.R$style
com.cafgame.residentzombies.R$styleable
...
com.google.android.gms.internal.bw:
    private final java.lang.String dS
    private android.os.ParcelFileDescriptor aw
    bw(android.net.LocalSocket,java.lang.String)
    public android.os.ParcelFileDescriptor getParcelFileDescriptor()
    public boolean isClosed()
    public java.io.InputStream getInputStream()
    public java.io.OutputStream getOutputStream()
com.google.android.gms.internal.bx
com.google.android.gms.internal.bz
com.google.android.gms.internal.c
com.google.android.gms.internal.ca
com.google.android.gms.internal.cb
com.google.android.gms.internal.cc
com.google.android.gms.internal.cd
com.google.android.gms.internal.ce:
    public ce(com.google.android.gms.internal.l,int,int)
com.google.android.gms.internal.cf:
    public void getDisplayName(android.database.CharArrayBuffer)
com.google.android.gms.internal.cg
com.google.android.gms.internal.ch:
    ch(com.google.android.gms.internal.l,int,int)
    public int getParticipantStatus(java.lang.String)
    public void getDescription(android.database.CharArrayBuffer)
    public java.util.ArrayList getParticipantIds()
    public java.lang.String getParticipantId(java.lang.String)
com.google.android.gms.internal.ci
com.google.android.gms.internal.ci$a
com.google.android.gms.internal.ci$a$a
com.google.android.gms.internal.cj
com.google.android.gms.internal.cj$a
com.google.android.gms.internal.cj$a$a
com.google.android.gms.internal.ck
com.google.android.gms.internal.ck$a
com.google.android.gms.internal.ck$a$a
com.google.android.gms.internal.cl
com.google.android.gms.internal.cl$a
com.google.android.gms.internal.cl$b
com.google.android.gms.internal.cm
com.google.android.gms.internal.cm$1
com.google.android.gms.internal.cm$a
com.google.android.gms.internal.cm$b
com.google.android.gms.internal.cm$c
com.google.android.gms.internal.cm$d
com.google.android.gms.internal.cn:
    public cn(java.lang.String,int,short,double,double,float,long)
    public static com.google.android.gms.internal.cn c(byte[])
com.google.android.gms.internal.cp
com.google.android.gms.internal.cs
com.google.android.gms.internal.cs$a
com.google.android.gms.internal.cs$a$a
com.google.android.gms.internal.ct
com.google.android.gms.internal.ct$a
com.google.android.gms.internal.ct$a$a
com.google.android.gms.internal.cu
com.google.android.gms.internal.cu$a
com.google.android.gms.internal.cu$a$a
com.google.android.gms.internal.cv
com.google.android.gms.internal.cv$a
com.google.android.gms.internal.cv$a$a
com.google.android.gms.internal.cw
com.google.android.gms.internal.cw$a
com.google.android.gms.internal.cw$a$a
com.google.android.gms.internal.cx
com.google.android.gms.internal.cx$a
com.google.android.gms.internal.cx$a$a
com.google.android.gms.internal.cy
com.google.android.gms.internal.cy$a
com.google.android.gms.internal.cy$a$a
com.google.android.gms.internal.cz
com.google.android.gms.internal.cz$a
com.google.android.gms.internal.cz$a$a
com.google.android.gms.internal.d
com.google.android.gms.internal.da
com.google.android.gms.internal.da$a
com.google.android.gms.internal.da$a$a
com.google.android.gms.internal.db
com.google.android.gms.internal.db$a
com.google.android.gms.internal.db$a$a
com.google.android.gms.internal.dc
com.google.android.gms.internal.dc$a
com.google.android.gms.internal.dc$a$a
com.google.android.gms.internal.dd
com.google.android.gms.internal.dd$a
com.google.android.gms.internal.dd$a$a
com.google.android.gms.internal.de
com.google.android.gms.internal.de$a
com.google.android.gms.internal.de$a$a
com.google.android.gms.internal.df
com.google.android.gms.internal.dg
com.google.android.gms.internal.dt
com.google.android.gms.internal.dt$a
com.google.android.gms.internal.dt$a$a
com.google.android.gms.internal.du
com.google.android.gms.internal.du$a
com.google.android.gms.internal.du$a$a
com.google.android.gms.internal.dv
com.google.android.gms.internal.dv$a
com.google.android.gms.internal.dv$a$a
com.google.android.gms.internal.dw
com.google.android.gms.internal.dw$a